<?xml version="1.0" encoding="UTF-8"?>
<!-- Generated by org.testng.reporters.JUnitReportReporter -->
<testsuite skipped="0" hostname="DESKTOP-5ALGR2G" name="grid.Login" tests="1" failures="0" timestamp="14 Oct 2017 16:20:14 GMT" time="10.135" errors="0">
  <testcase name="testA" time="10.135" classname="grid.Login"/>
</testsuite> <!-- grid.Login -->
